2026-01-29 12:29:17 | INFO | Command: list | Args: {'command': 'list', 'desc': False}
2026-01-29 12:29:17 | INFO | Command list completed successfully
2026-01-29 12:29:31 | INFO | Command: list | Args: {'command': 'list', 'month': '2026-01', 'desc': False}
2026-01-29 12:29:31 | INFO | Command list completed successfully
2026-01-29 12:30:04 | INFO | Command: list | Args: {'command': 'list', 'month': '2026-01-01', 'desc': False}
2026-01-29 12:31:59 | INFO | Command: list | Args: {'command': 'list', 'month': '2026-01-01', 'desc': False}
2026-01-29 12:31:59 | ERROR | Error in command list | Args: {'command': 'list', 'month': '2026-01-01', 'desc': False} | Error: Invalid month format. Please use YYYY-MM.
2026-01-29 12:33:10 | INFO | Command: list | Args: {'command': 'list', 'month': '2026-01-01', 'desc': False}
2026-01-29 12:33:10 | ERROR | Error in command 'list' | Args: {'command': 'list', 'month': '2026-01-01', 'desc': False} | Error: Invalid month format. Please use YYYY-MM.
2026-01-29 12:35:59 | INFO | Command: add | Args: {'command': 'add', 'date': '2026-01-30', 'category': 'electronics', 'amount': 500.5, 'note': 'nothing'}
2026-01-29 12:35:59 | INFO | Command add completed successfully
2026-01-29 12:37:06 | INFO | Command: list | Args: {'command': 'list', 'desc': False}
2026-01-29 12:37:06 | INFO | Command list completed successfully
2026-01-29 12:37:44 | INFO | Command: delete | Args: {'command': 'delete', 'id': 'EXP-20260101-2'}
2026-01-29 12:37:44 | INFO | Command delete completed successfully
2026-01-29 12:38:15 | INFO | Command: delete | Args: {'command': 'delete', 'id': 'EXP-20260130-0010'}
2026-01-29 12:38:15 | INFO | Command delete completed successfully
2026-01-29 12:38:56 | INFO | Command: 'delete' | Args: {'command': 'delete', 'id': 'EXP-20260130-0010'}
2026-01-29 12:38:56 | ERROR | Error in command 'delete' | Args: {'command': 'delete', 'id': 'EXP-20260130-0010'} | Error: Expense with ID EXP-20260130-0010 not found.
2026-01-29 12:39:30 | INFO | Command: 'summary' | Args: {'command': 'summary', 'desc': False}
2026-01-29 12:39:30 | INFO | Command 'summary' completed successfully
2026-01-29 12:40:01 | INFO | Command: 'summary' | Args: {'command': 'summary', 'desc': False}
2026-01-29 12:40:01 | INFO | Command 'summary' completed successfully
2026-01-29 12:49:24 | INFO | Command: 'add' | Args: {'command': 'add', 'date': '2026-01-30', 'category': 'electronics', 'amount': 500.5, 'note': 'nothing'}
2026-01-29 12:49:24 | ERROR | Error in command 'add' | Args: {'command': 'add', 'date': '2026-01-30', 'category': 'electronics', 'amount': 500.5, 'note': 'nothing'} | Error: Expecting value: line 4 column 1 (char 42)
2026-01-29 12:54:07 | INFO | Command: 'add' | Args: {'command': 'add', 'date': '2026-01-30', 'category': 'electronics', 'amount': 500.5, 'note': 'nothing'}
2026-01-29 12:54:07 | ERROR | Error in command 'add' | Args: {'command': 'add', 'date': '2026-01-30', 'category': 'electronics', 'amount': 500.5, 'note': 'nothing'} | Error: cannot import name 'save' from 'tracker.storage' (/home/w3e101/Desktop/W3_Internship/expense_tracker_cli/tracker/storage.py)
2026-01-29 12:55:28 | INFO | Command: 'add' | Args: {'command': 'add', 'date': '2026-01-30', 'category': 'electronics', 'amount': 500.5, 'note': 'nothing'}
2026-01-29 12:55:28 | INFO | Command 'add' completed successfully
2026-01-29 12:55:39 | INFO | Command: 'add' | Args: {'command': 'add', 'date': '2026-01-30', 'category': 'electronics', 'amount': 500.5, 'note': 'nothing'}
2026-01-29 12:55:39 | ERROR | Error in command 'add' | Args: {'command': 'add', 'date': '2026-01-30', 'category': 'electronics', 'amount': 500.5, 'note': 'nothing'} | Error: Expecting value: line 4 column 9 (char 50)
2026-01-29 12:58:41 | INFO | Command: 'add' | Args: {'command': 'add', 'date': '2026-01-30', 'category': 'electronics', 'amount': 500.5, 'note': 'nothing'}
2026-01-29 12:58:41 | INFO | Command 'add' completed successfully
2026-01-29 12:59:21 | INFO | Command: 'list' | Args: {'command': 'list', 'desc': False}
2026-01-29 12:59:21 | ERROR | Error in command 'list' | Args: {'command': 'list', 'desc': False} | Error: invalid storage
2026-01-29 13:04:15 | INFO | Command: 'list' | Args: {'command': 'list', 'desc': False}
2026-01-29 13:04:15 | ERROR | Error in command 'list' | Args: {'command': 'list', 'desc': False} | Error: invalid storage
2026-01-29 13:04:35 | INFO | Command: 'list' | Args: {'command': 'list', 'desc': False}
2026-01-29 13:04:35 | INFO | Command 'list' completed successfully
2026-01-29 13:07:26 | INFO | Command: 'delete' | Args: {'command': 'delete', 'id': 'EXP-20260125-3'}
2026-01-29 13:07:26 | ERROR | Error in command 'delete' | Args: {'command': 'delete', 'id': 'EXP-20260125-3'} | Error: Expense with ID EXP-20260125-3 not found.
